[1.285s] DEBUG:colcon:Command line arguments: ['/usr/bin/colcon', 'build']
[1.285s] DEBUG:colcon:Parsed command line arguments: Namespace(log_base=None, log_level=None, verb_name='build', build_base='build', install_base='install', merge_install=False, symlink_install=False, test_result_base=None, continue_on_error=False, executor='parallel', parallel_workers=8, event_handlers=None, ignore_user_meta=False, metas=['./colcon.meta'], base_paths=['.'], packages_ignore=None, packages_ignore_regex=None, paths=None, packages_up_to=None, packages_up_to_regex=None, packages_above=None, packages_above_and_dependencies=None, packages_above_depth=None, packages_select_by_dep=None, packages_skip_by_dep=None, packages_skip_up_to=None, packages_select_build_failed=False, packages_skip_build_finished=False, packages_select_test_failures=False, packages_skip_test_passed=False, packages_select=None, packages_skip=None, packages_select_regex=None, packages_skip_regex=None, packages_start=None, packages_end=None, allow_overriding=[], cmake_args=None, cmake_target=None, cmake_target_skip_unavailable=False, cmake_clean_cache=False, cmake_clean_first=False, cmake_force_configure=False, ament_cmake_args=None, catkin_cmake_args=None, catkin_skip_building_tests=False, mixin_files=None, mixin=None, verb_parser=<colcon_mixin.mixin.mixin_argument.MixinArgumentDecorator object at 0x7fc54b09cee0>, verb_extension=<colcon_core.verb.build.BuildVerb object at 0x7fc54b211b70>, main=<bound method BuildVerb.main of <colcon_core.verb.build.BuildVerb object at 0x7fc54b211b70>>, mixin_verb=('build',))
[4.752s] Level 1:colcon.colcon_core.package_discovery:discover_packages(colcon_meta) check parameters
[4.752s] Level 1:colcon.colcon_core.package_discovery:discover_packages(recursive) check parameters
[4.752s] Level 1:colcon.colcon_core.package_discovery:discover_packages(ignore) check parameters
[4.753s] Level 1:colcon.colcon_core.package_discovery:discover_packages(path) check parameters
[4.753s] Level 1:colcon.colcon_core.package_discovery:discover_packages(colcon_meta) discover
[4.754s] Level 1:colcon.colcon_core.package_discovery:discover_packages(recursive) discover
[4.754s] INFO:colcon.colcon_core.package_discovery:Crawling recursively for packages in '/home/agro/ROS2/src/my_turtle_sim'
[4.754s] Level 1:colcon.colcon_core.package_identification:_identify(.) by extensions ['ignore', 'ignore_ament_install']
[4.754s] Level 1:colcon.colcon_core.package_identification:_identify(.) by extension 'ignore'
[4.755s] Level 1:colcon.colcon_core.package_identification:_identify(.) by extension 'ignore_ament_install'
[4.755s] Level 1:colcon.colcon_core.package_identification:_identify(.) by extensions ['colcon_pkg']
[4.755s] Level 1:colcon.colcon_core.package_identification:_identify(.) by extension 'colcon_pkg'
[4.755s] Level 1:colcon.colcon_core.package_identification:_identify(.) by extensions ['colcon_meta']
[4.755s] Level 1:colcon.colcon_core.package_identification:_identify(.) by extension 'colcon_meta'
[4.756s] Level 1:colcon.colcon_core.package_identification:_identify(.) by extensions ['ros']
[4.756s] Level 1:colcon.colcon_core.package_identification:_identify(.) by extension 'ros'
[4.836s] DEBUG:colcon.colcon_core.package_identification:Package '.' with type 'ros.ament_python' and name 'my_turtle_sim'
[4.836s] Level 1:colcon.colcon_core.package_discovery:discover_packages(recursive) using defaults
[4.837s] Level 1:colcon.colcon_core.package_discovery:discover_packages(ignore) discover
[4.837s] Level 1:colcon.colcon_core.package_discovery:discover_packages(ignore) using defaults
[4.837s] Level 1:colcon.colcon_core.package_discovery:discover_packages(path) discover
[4.837s] Level 1:colcon.colcon_core.package_discovery:discover_packages(path) using defaults
[5.135s] Level 1:colcon.colcon_core.package_discovery:discover_packages(prefix_path) check parameters
[5.136s] Level 1:colcon.colcon_core.package_discovery:discover_packages(prefix_path) discover
[5.150s] DEBUG:colcon.colcon_installed_package_information.package_discovery:Found 311 installed packages in /opt/ros/humble
[5.185s] Level 1:colcon.colcon_core.package_discovery:discover_packages(prefix_path) using defaults
[5.389s] Level 5:colcon.colcon_core.verb:set package 'my_turtle_sim' build argument 'cmake_args' from command line to 'None'
[5.389s] Level 5:colcon.colcon_core.verb:set package 'my_turtle_sim' build argument 'cmake_target' from command line to 'None'
[5.389s] Level 5:colcon.colcon_core.verb:set package 'my_turtle_sim' build argument 'cmake_target_skip_unavailable' from command line to 'False'
[5.389s] Level 5:colcon.colcon_core.verb:set package 'my_turtle_sim' build argument 'cmake_clean_cache' from command line to 'False'
[5.389s] Level 5:colcon.colcon_core.verb:set package 'my_turtle_sim' build argument 'cmake_clean_first' from command line to 'False'
[5.389s] Level 5:colcon.colcon_core.verb:set package 'my_turtle_sim' build argument 'cmake_force_configure' from command line to 'False'
[5.389s] Level 5:colcon.colcon_core.verb:set package 'my_turtle_sim' build argument 'ament_cmake_args' from command line to 'None'
[5.389s] Level 5:colcon.colcon_core.verb:set package 'my_turtle_sim' build argument 'catkin_cmake_args' from command line to 'None'
[5.390s] Level 5:colcon.colcon_core.verb:set package 'my_turtle_sim' build argument 'catkin_skip_building_tests' from command line to 'False'
[5.390s] DEBUG:colcon.colcon_core.verb:Building package 'my_turtle_sim' with the following arguments: {'ament_cmake_args': None, 'build_base': '/home/agro/ROS2/src/my_turtle_sim/build/my_turtle_sim', 'catkin_cmake_args': None, 'catkin_skip_building_tests': False, 'cmake_args': None, 'cmake_clean_cache': False, 'cmake_clean_first': False, 'cmake_force_configure': False, 'cmake_target': None, 'cmake_target_skip_unavailable': False, 'install_base': '/home/agro/ROS2/src/my_turtle_sim/install/my_turtle_sim', 'merge_install': False, 'path': '/home/agro/ROS2/src/my_turtle_sim', 'symlink_install': False, 'test_result_base': None}
[5.390s] INFO:colcon.colcon_core.executor:Executing jobs using 'parallel' executor
[5.393s] DEBUG:colcon.colcon_parallel_executor.executor.parallel:run_until_complete
[5.393s] INFO:colcon.colcon_ros.task.ament_python.build:Building ROS package in '/home/agro/ROS2/src/my_turtle_sim' with build type 'ament_python'
[5.394s] Level 1:colcon.colcon_core.shell:create_environment_hook('my_turtle_sim', 'ament_prefix_path')
[5.576s] INFO:colcon.colcon_core.plugin_system:Skipping extension 'colcon_core.shell.bat': Not used on non-Windows systems
[5.577s] INFO:colcon.colcon_core.shell:Creating environment hook '/home/agro/ROS2/src/my_turtle_sim/install/my_turtle_sim/share/my_turtle_sim/hook/ament_prefix_path.ps1'
[5.581s] INFO:colcon.colcon_core.shell:Creating environment descriptor '/home/agro/ROS2/src/my_turtle_sim/install/my_turtle_sim/share/my_turtle_sim/hook/ament_prefix_path.dsv'
[5.583s] INFO:colcon.colcon_core.shell:Creating environment hook '/home/agro/ROS2/src/my_turtle_sim/install/my_turtle_sim/share/my_turtle_sim/hook/ament_prefix_path.sh'
[5.587s] INFO:colcon.colcon_core.shell:Skip shell extension 'powershell' for command environment: Not usable outside of PowerShell
[5.588s] DEBUG:colcon.colcon_core.shell:Skip shell extension 'dsv' for command environment
[6.271s] INFO:colcon.colcon_core.task.python.build:Building Python package in '/home/agro/ROS2/src/my_turtle_sim'
[6.272s] INFO:colcon.colcon_core.shell:Skip shell extension 'powershell' for command environment: Not usable outside of PowerShell
[6.272s] DEBUG:colcon.colcon_core.shell:Skip shell extension 'dsv' for command environment
[8.337s] DEBUG:colcon.colcon_core.event_handler.log_command:Invoking command in '/home/agro/ROS2/src/my_turtle_sim': PYTHONPATH=/home/agro/ROS2/src/my_turtle_sim/build/my_turtle_sim/prefix_override:/usr/lib/python3/dist-packages/colcon_core/task/python/colcon_distutils_commands:/home/agro/ROS2/src/my_turtle_sim/install/my_turtle_sim/lib/python3.10/site-packages:${PYTHONPATH} /usr/bin/python3 -W ignore:setup.py install is deprecated -W ignore:easy_install command is deprecated setup.py egg_info --egg-base build/my_turtle_sim build --build-base /home/agro/ROS2/src/my_turtle_sim/build/my_turtle_sim/build install --record /home/agro/ROS2/src/my_turtle_sim/build/my_turtle_sim/install.log --single-version-externally-managed install_data
[9.008s] DEBUG:colcon.colcon_core.event_handler.log_command:Invoked command in '/home/agro/ROS2/src/my_turtle_sim' returned '0': PYTHONPATH=/home/agro/ROS2/src/my_turtle_sim/build/my_turtle_sim/prefix_override:/usr/lib/python3/dist-packages/colcon_core/task/python/colcon_distutils_commands:/home/agro/ROS2/src/my_turtle_sim/install/my_turtle_sim/lib/python3.10/site-packages:${PYTHONPATH} /usr/bin/python3 -W ignore:setup.py install is deprecated -W ignore:easy_install command is deprecated setup.py egg_info --egg-base build/my_turtle_sim build --build-base /home/agro/ROS2/src/my_turtle_sim/build/my_turtle_sim/build install --record /home/agro/ROS2/src/my_turtle_sim/build/my_turtle_sim/install.log --single-version-externally-managed install_data
[9.116s] Level 1:colcon.colcon_core.environment:checking '/home/agro/ROS2/src/my_turtle_sim/install/my_turtle_sim' for CMake module files
[9.118s] Level 1:colcon.colcon_core.environment:checking '/home/agro/ROS2/src/my_turtle_sim/install/my_turtle_sim' for CMake config files
[9.121s] Level 1:colcon.colcon_core.environment:checking '/home/agro/ROS2/src/my_turtle_sim/install/my_turtle_sim/lib'
[9.122s] Level 1:colcon.colcon_core.environment:checking '/home/agro/ROS2/src/my_turtle_sim/install/my_turtle_sim/bin'
[9.122s] Level 1:colcon.colcon_core.environment:checking '/home/agro/ROS2/src/my_turtle_sim/install/my_turtle_sim/lib/pkgconfig/my_turtle_sim.pc'
[9.123s] Level 1:colcon.colcon_core.environment:checking '/home/agro/ROS2/src/my_turtle_sim/install/my_turtle_sim/lib/python3.10/site-packages'
[9.124s] Level 1:colcon.colcon_core.shell:create_environment_hook('my_turtle_sim', 'pythonpath')
[9.124s] INFO:colcon.colcon_core.shell:Creating environment hook '/home/agro/ROS2/src/my_turtle_sim/install/my_turtle_sim/share/my_turtle_sim/hook/pythonpath.ps1'
[9.126s] INFO:colcon.colcon_core.shell:Creating environment descriptor '/home/agro/ROS2/src/my_turtle_sim/install/my_turtle_sim/share/my_turtle_sim/hook/pythonpath.dsv'
[9.127s] INFO:colcon.colcon_core.shell:Creating environment hook '/home/agro/ROS2/src/my_turtle_sim/install/my_turtle_sim/share/my_turtle_sim/hook/pythonpath.sh'
[9.130s] Level 1:colcon.colcon_core.environment:checking '/home/agro/ROS2/src/my_turtle_sim/install/my_turtle_sim/bin'
[9.130s] Level 1:colcon.colcon_core.environment:create_environment_scripts_only(my_turtle_sim)
[9.131s] INFO:colcon.colcon_core.shell:Creating package script '/home/agro/ROS2/src/my_turtle_sim/install/my_turtle_sim/share/my_turtle_sim/package.ps1'
[9.148s] INFO:colcon.colcon_core.shell:Creating package descriptor '/home/agro/ROS2/src/my_turtle_sim/install/my_turtle_sim/share/my_turtle_sim/package.dsv'
[9.160s] INFO:colcon.colcon_core.shell:Creating package script '/home/agro/ROS2/src/my_turtle_sim/install/my_turtle_sim/share/my_turtle_sim/package.sh'
[9.164s] INFO:colcon.colcon_core.shell:Creating package script '/home/agro/ROS2/src/my_turtle_sim/install/my_turtle_sim/share/my_turtle_sim/package.bash'
[9.174s] INFO:colcon.colcon_core.shell:Creating package script '/home/agro/ROS2/src/my_turtle_sim/install/my_turtle_sim/share/my_turtle_sim/package.zsh'
[9.187s] Level 1:colcon.colcon_core.environment:create_file_with_runtime_dependencies(/home/agro/ROS2/src/my_turtle_sim/install/my_turtle_sim/share/colcon-core/packages/my_turtle_sim)
[9.189s] DEBUG:colcon.colcon_parallel_executor.executor.parallel:closing loop
[9.189s] DEBUG:colcon.colcon_parallel_executor.executor.parallel:loop closed
[9.190s] DEBUG:colcon.colcon_parallel_executor.executor.parallel:run_until_complete finished with '0'
[9.190s] DEBUG:colcon.colcon_core.event_reactor:joining thread
[9.431s] INFO:colcon.colcon_core.plugin_system:Skipping extension 'colcon_notification.desktop_notification.notify_send': Could not find 'notify-send'
[9.431s] INFO:colcon.colcon_core.plugin_system:Skipping extension 'colcon_notification.desktop_notification.terminal_notifier': Not used on non-Darwin systems
[9.432s] INFO:colcon.colcon_core.plugin_system:Skipping extension 'colcon_notification.desktop_notification.win32': Not used on non-Windows systems
[9.432s] INFO:colcon.colcon_notification.desktop_notification:Sending desktop notification using 'notify2'
[9.681s] DEBUG:colcon.colcon_core.event_reactor:joined thread
[9.682s] INFO:colcon.colcon_core.shell:Creating prefix script '/home/agro/ROS2/src/my_turtle_sim/install/local_setup.ps1'
[9.688s] INFO:colcon.colcon_core.shell:Creating prefix util module '/home/agro/ROS2/src/my_turtle_sim/install/_local_setup_util_ps1.py'
[9.695s] INFO:colcon.colcon_core.shell:Creating prefix chain script '/home/agro/ROS2/src/my_turtle_sim/install/setup.ps1'
[9.699s] INFO:colcon.colcon_core.shell:Creating prefix script '/home/agro/ROS2/src/my_turtle_sim/install/local_setup.sh'
[9.702s] INFO:colcon.colcon_core.shell:Creating prefix util module '/home/agro/ROS2/src/my_turtle_sim/install/_local_setup_util_sh.py'
[9.706s] INFO:colcon.colcon_core.shell:Creating prefix chain script '/home/agro/ROS2/src/my_turtle_sim/install/setup.sh'
[9.711s] INFO:colcon.colcon_core.shell:Creating prefix script '/home/agro/ROS2/src/my_turtle_sim/install/local_setup.bash'
[9.713s] INFO:colcon.colcon_core.shell:Creating prefix chain script '/home/agro/ROS2/src/my_turtle_sim/install/setup.bash'
[9.718s] INFO:colcon.colcon_core.shell:Creating prefix script '/home/agro/ROS2/src/my_turtle_sim/install/local_setup.zsh'
[9.722s] INFO:colcon.colcon_core.shell:Creating prefix chain script '/home/agro/ROS2/src/my_turtle_sim/install/setup.zsh'
