running egg_info
creating build/my_turtle_sim/my_turtle_sim.egg-info
writing build/my_turtle_sim/my_turtle_sim.egg-info/PKG-INFO
writing dependency_links to build/my_turtle_sim/my_turtle_sim.egg-info/dependency_links.txt
writing entry points to build/my_turtle_sim/my_turtle_sim.egg-info/entry_points.txt
writing requirements to build/my_turtle_sim/my_turtle_sim.egg-info/requires.txt
writing top-level names to build/my_turtle_sim/my_turtle_sim.egg-info/top_level.txt
writing manifest file 'build/my_turtle_sim/my_turtle_sim.egg-info/SOURCES.txt'
reading manifest file 'build/my_turtle_sim/my_turtle_sim.egg-info/SOURCES.txt'
writing manifest file 'build/my_turtle_sim/my_turtle_sim.egg-info/SOURCES.txt'
running build
running build_py
creating /home/agro/ROS2/src/my_turtle_sim/build/my_turtle_sim/build
creating /home/agro/ROS2/src/my_turtle_sim/build/my_turtle_sim/build/lib
creating /home/agro/ROS2/src/my_turtle_sim/build/my_turtle_sim/build/lib/my_turtle_sim
copying my_turtle_sim/headless_turtle.py -> /home/agro/ROS2/src/my_turtle_sim/build/my_turtle_sim/build/lib/my_turtle_sim
copying my_turtle_sim/__init__.py -> /home/agro/ROS2/src/my_turtle_sim/build/my_turtle_sim/build/lib/my_turtle_sim
running install
running install_lib
creating /home/agro/ROS2/src/my_turtle_sim/install/my_turtle_sim/lib/python3.10/site-packages/my_turtle_sim
copying /home/agro/ROS2/src/my_turtle_sim/build/my_turtle_sim/build/lib/my_turtle_sim/headless_turtle.py -> /home/agro/ROS2/src/my_turtle_sim/install/my_turtle_sim/lib/python3.10/site-packages/my_turtle_sim
copying /home/agro/ROS2/src/my_turtle_sim/build/my_turtle_sim/build/lib/my_turtle_sim/__init__.py -> /home/agro/ROS2/src/my_turtle_sim/install/my_turtle_sim/lib/python3.10/site-packages/my_turtle_sim
byte-compiling /home/agro/ROS2/src/my_turtle_sim/install/my_turtle_sim/lib/python3.10/site-packages/my_turtle_sim/headless_turtle.py to headless_turtle.cpython-310.pyc
byte-compiling /home/agro/ROS2/src/my_turtle_sim/install/my_turtle_sim/lib/python3.10/site-packages/my_turtle_sim/__init__.py to __init__.cpython-310.pyc
running install_data
creating /home/agro/ROS2/src/my_turtle_sim/install/my_turtle_sim/share/ament_index
creating /home/agro/ROS2/src/my_turtle_sim/install/my_turtle_sim/share/ament_index/resource_index
creating /home/agro/ROS2/src/my_turtle_sim/install/my_turtle_sim/share/ament_index/resource_index/packages
copying resource/my_turtle_sim -> /home/agro/ROS2/src/my_turtle_sim/install/my_turtle_sim/share/ament_index/resource_index/packages
copying package.xml -> /home/agro/ROS2/src/my_turtle_sim/install/my_turtle_sim/share/my_turtle_sim
running install_egg_info
Copying build/my_turtle_sim/my_turtle_sim.egg-info to /home/agro/ROS2/src/my_turtle_sim/install/my_turtle_sim/lib/python3.10/site-packages/my_turtle_sim-0.0.0-py3.10.egg-info
running install_scripts
Installing headless_turtle script to /home/agro/ROS2/src/my_turtle_sim/install/my_turtle_sim/lib/my_turtle_sim
writing list of installed files to '/home/agro/ROS2/src/my_turtle_sim/build/my_turtle_sim/install.log'
